Start testing: Jun 28 02:02 台北標準時間
----------------------------------------------------------
1/9 Testing: smoke
1/9 Test: smoke
Command: "D:/voxcpm-cpp/build-cpu/Release/test_smoke.exe"
Directory: D:/voxcpm-cpp/build-cpu
"smoke" start time: Jun 28 02:02 台北標準時間
Output:
----------------------------------------------------------
gguf_init_from_file: failed to open GGUF file 'nonexistent.gguf' (No such file or directory)
gguf_init_from_file: failed to open GGUF file 'test.gguf' (No such file or directory)
gguf_init_from_file: failed to open GGUF file 'nonexistent.gguf' (No such file or directory)
PASS: default params
PASS: error handling
PASS: audio_free(NULL) safe
PASS: vcpm_free(NULL) safe
PASS: load nonexistent model: failed to open GGUF file: nonexistent.gguf
PASS: inspect on failed model: Model not loaded: failed to open GGUF file: nonexistent.gguf
Denoiser:
  Requested:       yes
  Loaded:          no
  Model:           iic/speech_zipenhancer_ans_multiloss_16k_base
  Backend:         external Python ZipEnhancer; no native C backend

PASS: empty text rejected
PASS: reference audio safety gate
PASS: audio free with samples

All smoke tests passed!
<end of output>
Test time =   0.02 sec
----------------------------------------------------------
Test Passed.
"smoke" end time: Jun 28 02:02 台北標準時間
"smoke" time elapsed: 00:00:00
----------------------------------------------------------

2/9 Testing: wav
2/9 Test: wav
Command: "D:/voxcpm-cpp/build-cpu/Release/test_wav.exe"
Directory: D:/voxcpm-cpp/build-cpu
"wav" start time: Jun 28 02:02 台北標準時間
Output:
----------------------------------------------------------
PASS: f32 write/read roundtrip (48000 samples, 48000 Hz)
PASS: PCM16 write/read roundtrip (48000 samples, exact=yes)
PASS: stereo f32 write/read roundtrip
PASS: error cases handled correctly
PASS: 8-bit PCM read (48000 samples)
PASS: downsample 48k->16k produced 16000 samples
PASS: upsample 16k->48k produced 48000 samples (original 48000)
PASS: resample roundtrip peak=0.5000 (expected ~0.5)
PASS: same-rate resample max_diff=0.00e+00
PASS: simple 2x upsample (5->10 samples)
PASS: error cases handled correctly

All WAV tests passed!
<end of output>
Test time =   0.05 sec
----------------------------------------------------------
Test Passed.
"wav" end time: Jun 28 02:02 台北標準時間
"wav" time elapsed: 00:00:00
----------------------------------------------------------

3/9 Testing: wav_writer
3/9 Test: wav_writer
Command: "D:/voxcpm-cpp/build-cpu/Release/test_wav_writer.exe"
Directory: D:/voxcpm-cpp/build-cpu
"wav_writer" start time: Jun 28 02:02 台北標準時間
Output:
----------------------------------------------------------
=== test_wav_writer ===
Generating 0 Hz sine, 3 sec at 48000 Hz...
  Generated 144000 samples
  Wrote sine_440.wav
  Read back: 144000 samples, 48000 Hz, 1 ch
  WAV header: RIFF/WAVE/fmt/data valid
    48000 Hz, 1 ch, 16-bit, data=288000 bytes
  RMS: actual=0.353542 expected=0.353553 ratio=1.0000
  Peak amplitude: 0.500000 (expected ~0.5)
  Estimated frequency: 439.8 Hz (error=0.0379%)
  NaN/Inf: 0 / 0 (expect 0/0)
  PCM16 quantization max error: 0.000030 (expect < 0.000061)
  Clamping: all values in [-1, 1] (verified with spikes)

=== ALL PASS ===
<end of output>
Test time =   0.03 sec
----------------------------------------------------------
Test Passed.
"wav_writer" end time: Jun 28 02:02 台北標準時間
"wav_writer" time elapsed: 00:00:00
----------------------------------------------------------

4/9 Testing: sequence
4/9 Test: sequence
Command: "D:/voxcpm-cpp/build-cpu/Release/test_sequence.exe"
Directory: D:/voxcpm-cpp/build-cpu
"sequence" start time: Jun 28 02:02 台北標準時間
Output:
----------------------------------------------------------
PASS: zero-shot sequence (len=198, text=5, audio_start=5, patches=192)
PASS: zero-shot single token
PASS: zero-shot empty text rejected
PASS: reference sequence (len=222)
PASS: sequence reset

All sequence tests passed!
<end of output>
Test time =   0.02 sec
----------------------------------------------------------
Test Passed.
"sequence" end time: Jun 28 02:02 台北標準時間
"sequence" time elapsed: 00:00:00
----------------------------------------------------------

5/9 Testing: minicpm4
5/9 Test: minicpm4
Command: "D:/voxcpm-cpp/build-cpu/Release/test_minicpm4.exe"
Directory: D:/voxcpm-cpp/build-cpu
"minicpm4" start time: Jun 28 02:02 台北標準時間
Output:
----------------------------------------------------------
=== MiniCPM4 Unit Tests ===

PASS: config hidden_size
PASS: config n_layers
PASS: config n_heads
PASS: config n_kv_heads
PASS: config intermediate_size
PASS: config head_dim
PASS: config rms_norm_eps
PASS: config rope_theta
PASS: config max_seq_len
PASS: config vocab_size
PASS: config no_rope
PASS: config no_rope=1
PASS: config no_rope layers

PASS: kv_cache ggml_init
PASS: kv_cache_init return 0
PASS: kv_cache n_layers
PASS: kv_cache max_seq_len
PASS: kv_cache layers alloc
PASS: kv_cache layer k tensor
PASS: kv_cache layer v tensor
PASS: kv_cache initial n_used
PASS: k_cache ne[0]=head_dim
PASS: k_cache ne[1]=n_kv_heads
PASS: k_cache ne[2]=max_seq_len
PASS: v_cache ne[0]=head_dim
PASS: v_cache ne[1]=n_kv_heads
PASS: v_cache ne[2]=max_seq_len
PASS: kv_cache layer k tensor
PASS: kv_cache layer v tensor
PASS: kv_cache initial n_used
PASS: k_cache ne[0]=head_dim
PASS: k_cache ne[1]=n_kv_heads
PASS: k_cache ne[2]=max_seq_len
PASS: v_cache ne[0]=head_dim
PASS: v_cache ne[1]=n_kv_heads
PASS: v_cache ne[2]=max_seq_len
PASS: kv_cache layer k tensor
PASS: kv_cache layer v tensor
PASS: kv_cache initial n_used
PASS: k_cache ne[0]=head_dim
PASS: k_cache ne[1]=n_kv_heads
PASS: k_cache ne[2]=max_seq_len
PASS: v_cache ne[0]=head_dim
PASS: v_cache ne[1]=n_kv_heads
PASS: v_cache ne[2]=max_seq_len
PASS: kv_cache layer k tensor
PASS: kv_cache layer v tensor
PASS: kv_cache initial n_used
PASS: k_cache ne[0]=head_dim
PASS: k_cache ne[1]=n_kv_heads
PASS: k_cache ne[2]=max_seq_len
PASS: v_cache ne[0]=head_dim
PASS: v_cache ne[1]=n_kv_heads
PASS: v_cache ne[2]=max_seq_len
PASS: kv_cache n_used update
PASS: kv_cache freed
PASS: kv_cache reset n_layers

PASS: rmsnorm ggml_init
PASS: rmsnorm x tensor
PASS: rmsnorm weight tensor
PASS: rmsnorm graph compute
PASS: rmsnorm output[0] = 0.3651 (expected 0.3651)
PASS: rmsnorm output[1] = 0.7303 (expected 0.7303)
PASS: rmsnorm output[2] = 1.0954 (expected 1.0954)
PASS: rmsnorm output[3] = 1.4606 (expected 1.4606)

PASS: mlp ggml_init
PASS: mlp graph compute
PASS: mlp output not null
PASS: mlp output ne[0]
PASS: mlp output ne[1]
PASS: mlp output not NaN
PASS: mlp output not NaN
PASS: mlp output not NaN
PASS: mlp output not NaN
PASS: mlp output[0] = 0.1556 (expected ??0.1556)

PASS: attn ggml_init
PASS: attn kv_cache init
PASS: attn output not null
PASS: attn output ne[0]=hidden
PASS: attn output ne[1]=n_tokens
PASS: attn graph has nodes
Attention graph built with 50 nodes

PASS: forward ggml_init
PASS: forward layer_weights alloc
PASS: forward kv_cache init
PASS: forward output not null
PASS: forward output ne[0]=hidden
PASS: forward output ne[1]=n_tokens
PASS: forward graph has nodes
Forward graph built with 133 nodes

=== ALL TESTS PASSED ===
<end of output>
Test time =   0.02 sec
----------------------------------------------------------
Test Passed.
"minicpm4" end time: Jun 28 02:02 台北標準時間
"minicpm4" time elapsed: 00:00:00
----------------------------------------------------------

6/9 Testing: phase5
6/9 Test: phase5
Command: "D:/voxcpm-cpp/build-cpu/Release/test_phase5.exe"
Directory: D:/voxcpm-cpp/build-cpu
"phase5" start time: Jun 28 02:02 台北標準時間
Output:
----------------------------------------------------------
=== Phase 5 Unit Tests ===

--- RALM ---
PASS: ralm config hidden_size
PASS: ralm config n_layers
PASS: ralm config n_heads
PASS: ralm config n_kv_heads
PASS: ralm config intermediate_size
PASS: ralm config head_dim
PASS: ralm config rms_norm_eps
PASS: ralm config max_seq_len
PASS: ralm config vocab_size=0
PASS: ralm config no_rope=1
PASS: ralm config rope_theta=0 (unused)
PASS: ralm_weights ggml_init
PASS: ralm layers q weight not null
PASS: ralm layers q weight not null
PASS: ralm embed_tokens_weight is NULL
PASS: ralm lm_head_weight is NULL
PASS: ralm norm_weight set
PASS: ralm layer_weights set

--- FSQ ---
PASS: fsq_identity ggml_init
PASS: fsq_identity compute
PASS: fsq_identity output (1.500000 ??1.500000)
PASS: fsq_identity output (-2.300000 ??-2.300000)
PASS: fsq_identity output (0.000000 ??0.000000)
PASS: fsq_identity output (100.000000 ??100.000000)
PASS: fsq_scale_only ggml_init
PASS: fsq_scale_only compute
PASS: fsq_scale_only output (1.000000 ??1.000000)
PASS: fsq_scale_only output (2.500000 ??2.500000)
PASS: fsq_scale_only output (-0.500000 ??-0.500000)
PASS: fsq_scale_only output (-3.000000 ??-3.000000)
PASS: fsq_scale_offset ggml_init
PASS: fsq_scale_offset compute
PASS: fsq_scale_offset out not null
PASS: fsq_scale_offset graph has nodes
PASS: fsq_scale2_offset1 compute
PASS: fsq_scale2_offset1 output (1.000000 ??1.000000)
PASS: fsq_scale2_offset1 output (3.000000 ??3.000000)
PASS: fsq_scale2_offset1 output (3.000000 ??3.000000)
PASS: fsq_graph ne[0]=feat_dim
PASS: fsq_graph ne[1]=seq_len

=== ALL TESTS PASSED ===
<end of output>
Test time =   0.02 sec
----------------------------------------------------------
Test Passed.
"phase5" end time: Jun 28 02:02 台北標準時間
"phase5" time elapsed: 00:00:00
----------------------------------------------------------

7/9 Testing: model_loader_tensors
7/9 Test: model_loader_tensors
Command: "D:/voxcpm-cpp/build-cpu/Release/test_model_loader_tensors.exe"
Directory: D:/voxcpm-cpp/build-cpu
"model_loader_tensors" start time: Jun 28 02:02 台北標準時間
Output:
----------------------------------------------------------
=== Model Loader Tensor Tests ===

PASS: tensor_name returns positive length
PASS: tensor_name format: base_lm.0.q_proj.weight
PASS: tensor_name format: residual_lm.3.k_proj.weight
PASS: tensor_name format: feat_encoder.1.v_proj.weight
PASS: tensor_name format: feat_decoder.2.gate_proj.weight
PASS: tensor_name format: layer-based pattern
PASS: tensor_name direct: fsq.scale
PASS: tensor_name direct: projections.enc_to_lm_proj.weight
PASS: tensor_name truncation
PASS: base_lm: 9 layer tensor patterns
PASS: base_lm: 3 top-level tensor patterns
PASS: residual_lm: 9 layer tensor patterns
PASS: feat_encoder: 9 layer tensor patterns
PASS: feat_decoder: 9 layer tensor patterns
PASS: get_tensor with NULL model returns NULL
PASS: get_tensor with NULL both returns NULL
PASS: cache_tensor with NULL model returns -1
PASS: tensor_name with zero buf_size is non-zero

=== 18 tests, 0 failures ===
<end of output>
Test time =   0.02 sec
----------------------------------------------------------
Test Passed.
"model_loader_tensors" end time: Jun 28 02:02 台北標準時間
"model_loader_tensors" time elapsed: 00:00:00
----------------------------------------------------------

End testing: Jun 28 02:02 台北標準時間

unit =   0.19 sec*proc

